[2026-03-07 13:55:07] ========================================
[2026-03-07 13:55:07] GERAÇÃO DE HORÁRIOS - v19.0
[2026-03-07 13:55:07] ========================================
[2026-03-07 13:55:07] Parâmetros: Ano=7, Nível=3, TurnoFiltro=1 | BT=450000 | chain=12 | global=9
[2026-03-07 13:55:07] 
>>> FASE 1: Carregando turmas
[2026-03-07 13:55:07] ✅ 8 turmas
[2026-03-07 13:55:07] ✅ Horários antigos deletados (apenas turmas filtradas)
[2026-03-07 13:55:07] 
>>> FASE 2: Professores e restrições
[2026-03-07 13:55:07] ✅ 53 professores
[2026-03-07 13:55:07] ✅ Restrições carregadas: 1123
[2026-03-07 13:55:07] 
>>> FASE 3: Estruturando dados
[2026-03-07 13:55:07] 
>>> FASE 3.5: Pré-carregando ocupação existente + horários fixos
[2026-03-07 13:55:07] ✅ Ocupações pré-carregadas: 150
[2026-03-07 13:55:07] ✅ Fixos carregados e aplicados: 0
[2026-03-07 13:55:07] 
>>> FASE 4: Fixação de disciplina
[2026-03-07 13:55:07] 📌 Fixando: Prova em Quinta 1ª
[2026-03-07 13:55:07]    ✅ A: Tamires
[2026-03-07 13:55:07]    ✅ B: Wilton
[2026-03-07 13:55:07]    ✅ A: Tiago Nogueira
[2026-03-07 13:55:07]    ✅ B: Alessandra
[2026-03-07 13:55:07]    ✅ A: Gizely
[2026-03-07 13:55:07]    ✅ B: Solange
[2026-03-07 13:55:07]    ✅ A: Raphael
[2026-03-07 13:55:07]    ✅ B: Davyanne
[2026-03-07 13:55:07] 
>>> FASE 5: Ed. Física espelhada
[2026-03-07 13:55:07] 📌 6º Ano: Ed. Física - 2 aula(s)
[2026-03-07 13:55:07]    ✅ EF em Sexta 3ª
[2026-03-07 13:55:07]    ✅ EF em Terca 1ª
[2026-03-07 13:55:07] 📌 7º Ano: Ed. Física - 2 aula(s)
[2026-03-07 13:55:07]    ✅ EF em Quinta 3ª
[2026-03-07 13:55:07]    ✅ EF em Terca 2ª
[2026-03-07 13:55:07] 📌 8º Ano: Ed. Física - 2 aula(s)
[2026-03-07 13:55:07]    ✅ EF em Terca 6ª
[2026-03-07 13:55:07]    ✅ EF em Sexta 2ª
[2026-03-07 13:55:07] 📌 9º Ano: Ed. Física - 2 aula(s)
[2026-03-07 13:55:07]    ✅ EF em Terca 5ª
[2026-03-07 13:55:07]    ⚠️ Não foi possível alocar EF completa (faltam 1)
[2026-03-07 13:55:07] 
>>> ORDEM DE PROCESSAMENTO (mais difícil primeiro)
[2026-03-07 13:55:07]    • 9º Ano A | turno=1 | score=1482
[2026-03-07 13:55:07]    • 9º Ano B | turno=1 | score=1482
[2026-03-07 13:55:07]    • 8º Ano A | turno=1 | score=1067
[2026-03-07 13:55:07]    • 8º Ano B | turno=1 | score=1067
[2026-03-07 13:55:07]    • 6º Ano A | turno=1 | score=790
[2026-03-07 13:55:07]    • 6º Ano B | turno=1 | score=790
[2026-03-07 13:55:07]    • 7º Ano A | turno=1 | score=771
[2026-03-07 13:55:07]    • 7º Ano B | turno=1 | score=771
[2026-03-07 13:55:07] 
>>> FASE 6: Alocação por turma
[2026-03-07 13:55:07] 
📊 9º Ano A (turno=1)
[2026-03-07 13:55:07]    ⚠️ Backtrack limit (2). Entrando no Greedy crítico + Finalizador...
[2026-03-07 13:55:07]    ✅ Alocado: Física (restam 1)
[2026-03-07 13:55:07]    ⚠️ Relaxando limite por dia para 2 (disciplina 13)...
[2026-03-07 13:55:07]    ✅ Alocado: Física (restam 0)
[2026-03-07 13:55:07]    ✅ Alocado: Geografia (restam 2)
[2026-03-07 13:55:07]    ✅ Alocado: Geografia (restam 1)
[2026-03-07 13:55:07]    ⚠️ Relaxando limite por dia para 2 (disciplina 5)...
[2026-03-07 13:55:07]    ✅ Alocado: Geografia (restam 0)
[2026-03-07 13:55:07]    ✅ Alocado: Inglês (restam 1)
[2026-03-07 13:55:07]    ⚠️ Relaxando limite por dia para 2 (disciplina 3)...
[2026-03-07 13:55:07]    ✅ Alocado: Inglês (restam 0)
[2026-03-07 13:55:07]    ✅ Alocado: Química (restam 1)
[2026-03-07 13:55:07]    ✅ Alocado: Química (restam 0)
[2026-03-07 13:55:07]    ✅ Alocado: Literatura (restam 1)
[2026-03-07 13:55:07]    ✅ Alocado: Literatura (restam 0)
[2026-03-07 13:55:07]    ✅ Alocado: Artes (restam 0)
[2026-03-07 13:55:07]    ✅ Alocado: Matemática ¹ (restam 2)
[2026-03-07 13:55:07]    ✅ Alocado: Matemática ¹ (restam 1)
[2026-03-07 13:55:07]    ⚠️ Relaxando limite por dia para 2 (disciplina 25)...
[2026-03-07 13:55:07]    ✅ Alocado: Matemática ¹ (restam 0)
[2026-03-07 13:55:07]    ✅ Alocado: Matemática ² (restam 2)
[2026-03-07 13:55:07]    ✅ Alocado: Matemática ² (restam 1)
[2026-03-07 13:55:07]    ✅ Alocado: Matemática ² (restam 0)
[2026-03-07 13:55:07]    ✅ Alocado: Escola da Inteligência (restam 0)
[2026-03-07 13:55:07]    ✅ Alocado: Biologia (restam 0)
[2026-03-07 13:55:07]    ✅ Alocado: História (restam 2)
[2026-03-07 13:55:07]    ✅ Alocado: História (restam 1)
[2026-03-07 13:55:07]    ✅ Alocado: História (restam 0)
[2026-03-07 13:55:07]    ✅ Alocado: Gramática (restam 3)
[2026-03-07 13:55:07]    ✅ Alocado: Gramática (restam 2)
[2026-03-07 13:55:07]    ✅ Alocado: Gramática (restam 1)
[2026-03-07 13:55:07]    ✅ Alocado: Gramática (restam 0)
[2026-03-07 13:55:07]    📋 Faltam: Educação Física (1)
[2026-03-07 13:55:07] 
📊 9º Ano B (turno=1)
[2026-03-07 13:55:07]    ⚠️ Backtrack limit (0). Entrando no Greedy crítico + Finalizador...
[2026-03-07 13:55:07]    ⚠️ Relaxando limite por dia para 2 (disciplina 5)...
[2026-03-07 13:55:07]    ⚠️ Relaxando limite por dia para 3 (disciplina 5)...
[2026-03-07 13:55:07]    ⚠️ Relaxando limite por dia para 4 (disciplina 5)...
[2026-03-07 13:55:07]    ❌ Impossível: Geografia (faltam 3) | vazios=28 | slots_viaveis=0
[2026-03-07 13:55:07]    ⚠️ Relaxando limite por dia para 2 (disciplina 13)...
[2026-03-07 13:55:07]    ⚠️ Relaxando limite por dia para 3 (disciplina 13)...
[2026-03-07 13:55:07]    ⚠️ Relaxando limite por dia para 4 (disciplina 13)...
[2026-03-07 13:55:07]    ❌ Impossível: Física (faltam 2) | vazios=28 | slots_viaveis=0
[2026-03-07 13:55:07]    ✅ Alocado: Inglês (restam 1)
[2026-03-07 13:55:07]    ⚠️ Relaxando limite por dia para 2 (disciplina 3)...
[2026-03-07 13:55:07]    ⚠️ Relaxando limite por dia para 3 (disciplina 3)...
[2026-03-07 13:55:07]    ⚠️ Relaxando limite por dia para 4 (disciplina 3)...
[2026-03-07 13:55:07]    ❌ Impossível: Inglês (faltam 1) | vazios=27 | slots_viaveis=0
[2026-03-07 13:55:07]    ✅ Alocado: Química (restam 1)
[2026-03-07 13:55:07]    ✅ Alocado: Química (restam 0)
[2026-03-07 13:55:07]    ✅ Alocado: Literatura (restam 1)
[2026-03-07 13:55:07]    ✅ Alocado: Literatura (restam 0)
[2026-03-07 13:55:07]    ✅ Alocado: Matemática ² (restam 2)
[2026-03-07 13:55:07]    ✅ Alocado: Matemática ² (restam 1)
[2026-03-07 13:55:07]    ✅ Alocado: Matemática ² (restam 0)
[2026-03-07 13:55:07]    ✅ Alocado: Artes (restam 0)
[2026-03-07 13:55:07]    ✅ Alocado: Matemática ¹ (restam 2)
[2026-03-07 13:55:07]    ✅ Alocado: Matemática ¹ (restam 1)
[2026-03-07 13:55:07]    ⚠️ Relaxando limite por dia para 2 (disciplina 25)...
[2026-03-07 13:55:07]    ✅ Alocado: Matemática ¹ (restam 0)
[2026-03-07 13:55:07]    ✅ Alocado: Escola da Inteligência (restam 0)
[2026-03-07 13:55:07]    ✅ Alocado: Biologia (restam 0)
[2026-03-07 13:55:07]    ✅ Alocado: História (restam 2)
[2026-03-07 13:55:07]    ✅ Alocado: História (restam 1)
[2026-03-07 13:55:07]    ✅ Alocado: História (restam 0)
[2026-03-07 13:55:07]    ✅ Alocado: Gramática (restam 3)
[2026-03-07 13:55:07]    ✅ Alocado: Gramática (restam 2)
[2026-03-07 13:55:07]    ✅ Alocado: Gramática (restam 1)
[2026-03-07 13:55:07]    ✅ Alocado: Gramática (restam 0)
[2026-03-07 13:55:07]    ⚠️ Relaxando limite por dia para 2 (disciplina 5)...
[2026-03-07 13:55:07]    ⚠️ Relaxando limite por dia para 3 (disciplina 5)...
[2026-03-07 13:55:07]    ⚠️ Relaxando limite por dia para 4 (disciplina 5)...
[2026-03-07 13:55:07]    ❌ Impossível: Geografia (faltam 3) | vazios=7 | slots_viaveis=0
[2026-03-07 13:55:07]    ⚠️ Relaxando limite por dia para 2 (disciplina 13)...
[2026-03-07 13:55:07]    ⚠️ Relaxando limite por dia para 3 (disciplina 13)...
[2026-03-07 13:55:07]    ⚠️ Relaxando limite por dia para 4 (disciplina 13)...
[2026-03-07 13:55:07]    ❌ Impossível: Física (faltam 2) | vazios=7 | slots_viaveis=0
[2026-03-07 13:55:07]    ⚠️ Relaxando limite por dia para 2 (disciplina 3)...
[2026-03-07 13:55:07]    ⚠️ Relaxando limite por dia para 3 (disciplina 3)...
[2026-03-07 13:55:07]    ⚠️ Relaxando limite por dia para 4 (disciplina 3)...
[2026-03-07 13:55:07]    ❌ Impossível: Inglês (faltam 1) | vazios=7 | slots_viaveis=0
[2026-03-07 13:55:07]    📋 Faltam: Inglês (1), Geografia (3), Educação Física (1), Física (2)
[2026-03-07 13:55:07] 
📊 8º Ano A (turno=1)
[2026-03-07 13:55:07]    ⚠️ Backtrack limit (0). Entrando no Greedy crítico + Finalizador...
[2026-03-07 13:55:07]    ⚠️ Relaxando limite por dia para 2 (disciplina 12)...
[2026-03-07 13:55:07]    ⚠️ Relaxando limite por dia para 3 (disciplina 12)...
[2026-03-07 13:55:07]    ⚠️ Relaxando limite por dia para 4 (disciplina 12)...
[2026-03-07 13:55:07]    ❌ Impossível: Química (faltam 1) | vazios=27 | slots_viaveis=0
[2026-03-07 13:55:07]    ✅ Alocado: Literatura (restam 1)
[2026-03-07 13:55:07]    ⚠️ Relaxando limite por dia para 2 (disciplina 16)...
[2026-03-07 13:55:07]    ✅ Alocado: Literatura (restam 0)
[2026-03-07 13:55:07]    ✅ Alocado: Matemática ¹ (restam 3)
[2026-03-07 13:55:07]    ✅ Alocado: Matemática ¹ (restam 2)
[2026-03-07 13:55:07]    ⚠️ Relaxando limite por dia para 2 (disciplina 25)...
[2026-03-07 13:55:07]    ⚠️ Relaxando limite por dia para 3 (disciplina 25)...
[2026-03-07 13:55:07]    ⚠️ Relaxando limite por dia para 4 (disciplina 25)...
[2026-03-07 13:55:07]    ❌ Impossível: Matemática ¹ (faltam 2) | vazios=23 | slots_viaveis=0
[2026-03-07 13:55:07]    ✅ Alocado: Matemática ² (restam 2)
[2026-03-07 13:55:07]    ✅ Alocado: Matemática ² (restam 1)
[2026-03-07 13:55:07]    ⚠️ Relaxando limite por dia para 2 (disciplina 26)...
[2026-03-07 13:55:07]    ⚠️ Relaxando limite por dia para 3 (disciplina 26)...
[2026-03-07 13:55:07]    ⚠️ Relaxando limite por dia para 4 (disciplina 26)...
[2026-03-07 13:55:07]    ❌ Impossível: Matemática ² (faltam 1) | vazios=21 | slots_viaveis=0
[2026-03-07 13:55:07]    ✅ Alocado: Artes (restam 0)
[2026-03-07 13:55:07]    ✅ Alocado: Inglês (restam 1)
[2026-03-07 13:55:07]    ✅ Alocado: Inglês (restam 0)
[2026-03-07 13:55:07]    ✅ Alocado: Escola da Inteligência (restam 0)
[2026-03-07 13:55:07]    ✅ Alocado: Ciências (restam 2)
[2026-03-07 13:55:07]    ✅ Alocado: Ciências (restam 1)
[2026-03-07 13:55:07]    ✅ Alocado: Ciências (restam 0)
[2026-03-07 13:55:07]    ✅ Alocado: Gramática (restam 3)
[2026-03-07 13:55:07]    ✅ Alocado: Gramática (restam 2)
[2026-03-07 13:55:07]    ✅ Alocado: Gramática (restam 1)
[2026-03-07 13:55:07]    ✅ Alocado: Gramática (restam 0)
[2026-03-07 13:55:07]    ✅ Alocado: História (restam 2)
[2026-03-07 13:55:07]    ✅ Alocado: História (restam 1)
[2026-03-07 13:55:07]    ✅ Alocado: História (restam 0)
[2026-03-07 13:55:07]    ✅ Alocado: Geografia (restam 2)
[2026-03-07 13:55:07]    ✅ Alocado: Geografia (restam 1)
[2026-03-07 13:55:07]    ✅ Alocado: Geografia (restam 0)
[2026-03-07 13:55:07]    ⚠️ Relaxando limite por dia para 2 (disciplina 25)...
[2026-03-07 13:55:07]    ⚠️ Relaxando limite por dia para 3 (disciplina 25)...
[2026-03-07 13:55:07]    ⚠️ Relaxando limite por dia para 4 (disciplina 25)...
[2026-03-07 13:55:07]    ❌ Impossível: Matemática ¹ (faltam 2) | vazios=4 | slots_viaveis=0
[2026-03-07 13:55:07]    ⚠️ Relaxando limite por dia para 2 (disciplina 12)...
[2026-03-07 13:55:07]    ⚠️ Relaxando limite por dia para 3 (disciplina 12)...
[2026-03-07 13:55:07]    ⚠️ Relaxando limite por dia para 4 (disciplina 12)...
[2026-03-07 13:55:07]    ❌ Impossível: Química (faltam 1) | vazios=4 | slots_viaveis=0
[2026-03-07 13:55:07]    ⚠️ Relaxando limite por dia para 2 (disciplina 26)...
[2026-03-07 13:55:07]    ⚠️ Relaxando limite por dia para 3 (disciplina 26)...
[2026-03-07 13:55:07]    ⚠️ Relaxando limite por dia para 4 (disciplina 26)...
[2026-03-07 13:55:07]    ❌ Impossível: Matemática ² (faltam 1) | vazios=4 | slots_viaveis=0
[2026-03-07 13:55:07]    📋 Faltam: Química (1), Matemática ¹ (2), Matemática ² (1)
[2026-03-07 13:55:07] 
📊 8º Ano B (turno=1)
[2026-03-07 13:55:07]    ⚠️ Backtrack limit (0). Entrando no Greedy crítico + Finalizador...
[2026-03-07 13:55:07]    ⚠️ Relaxando limite por dia para 2 (disciplina 25)...
[2026-03-07 13:55:07]    ⚠️ Relaxando limite por dia para 3 (disciplina 25)...
[2026-03-07 13:55:07]    ⚠️ Relaxando limite por dia para 4 (disciplina 25)...
[2026-03-07 13:55:07]    ❌ Impossível: Matemática ¹ (faltam 4) | vazios=27 | slots_viaveis=0
[2026-03-07 13:55:07]    ⚠️ Relaxando limite por dia para 2 (disciplina 26)...
[2026-03-07 13:55:07]    ⚠️ Relaxando limite por dia para 3 (disciplina 26)...
[2026-03-07 13:55:07]    ⚠️ Relaxando limite por dia para 4 (disciplina 26)...
[2026-03-07 13:55:07]    ❌ Impossível: Matemática ² (faltam 3) | vazios=27 | slots_viaveis=0
[2026-03-07 13:55:08]    ⚠️ Relaxando limite por dia para 2 (disciplina 16)...
[2026-03-07 13:55:08]    ⚠️ Relaxando limite por dia para 3 (disciplina 16)...
[2026-03-07 13:55:08]    ⚠️ Relaxando limite por dia para 4 (disciplina 16)...
[2026-03-07 13:55:08]    ❌ Impossível: Literatura (faltam 2) | vazios=27 | slots_viaveis=0
[2026-03-07 13:55:08]    ⚠️ Relaxando limite por dia para 2 (disciplina 12)...
[2026-03-07 13:55:08]    ⚠️ Relaxando limite por dia para 3 (disciplina 12)...
[2026-03-07 13:55:08]    ⚠️ Relaxando limite por dia para 4 (disciplina 12)...
[2026-03-07 13:55:08]    ❌ Impossível: Química (faltam 1) | vazios=27 | slots_viaveis=0
[2026-03-07 13:55:08]    ✅ Alocado: Inglês (restam 1)
[2026-03-07 13:55:08]    ✅ Alocado: Inglês (restam 0)
[2026-03-07 13:55:08]    ✅ Alocado: Artes (restam 0)
[2026-03-07 13:55:08]    ✅ Alocado: Gramática (restam 3)
[2026-03-07 13:55:08]    ✅ Alocado: Gramática (restam 2)
[2026-03-07 13:55:08]    ✅ Alocado: Gramática (restam 1)
[2026-03-07 13:55:08]    ✅ Alocado: Gramática (restam 0)
[2026-03-07 13:55:08]    ✅ Alocado: Escola da Inteligência (restam 0)
[2026-03-07 13:55:08]    ✅ Alocado: História (restam 2)
[2026-03-07 13:55:08]    ✅ Alocado: História (restam 1)
[2026-03-07 13:55:08]    ✅ Alocado: História (restam 0)
[2026-03-07 13:55:08]    ✅ Alocado: Ciências (restam 2)
[2026-03-07 13:55:08]    ✅ Alocado: Ciências (restam 1)
[2026-03-07 13:55:08]    ✅ Alocado: Ciências (restam 0)
[2026-03-07 13:55:08]    ✅ Alocado: Geografia (restam 2)
[2026-03-07 13:55:08]    ✅ Alocado: Geografia (restam 1)
[2026-03-07 13:55:08]    ✅ Alocado: Geografia (restam 0)
[2026-03-07 13:55:08]    ⚠️ Relaxando limite por dia para 2 (disciplina 25)...
[2026-03-07 13:55:08]    ⚠️ Relaxando limite por dia para 3 (disciplina 25)...
[2026-03-07 13:55:08]    ⚠️ Relaxando limite por dia para 4 (disciplina 25)...
[2026-03-07 13:55:08]    ❌ Impossível: Matemática ¹ (faltam 4) | vazios=10 | slots_viaveis=0
[2026-03-07 13:55:08]    ⚠️ Relaxando limite por dia para 2 (disciplina 26)...
[2026-03-07 13:55:08]    ⚠️ Relaxando limite por dia para 3 (disciplina 26)...
[2026-03-07 13:55:08]    ⚠️ Relaxando limite por dia para 4 (disciplina 26)...
[2026-03-07 13:55:08]    ❌ Impossível: Matemática ² (faltam 3) | vazios=10 | slots_viaveis=0
[2026-03-07 13:55:08]    ⚠️ Relaxando limite por dia para 2 (disciplina 16)...
[2026-03-07 13:55:08]    ⚠️ Relaxando limite por dia para 3 (disciplina 16)...
[2026-03-07 13:55:08]    ⚠️ Relaxando limite por dia para 4 (disciplina 16)...
[2026-03-07 13:55:08]    ❌ Impossível: Literatura (faltam 2) | vazios=10 | slots_viaveis=0
[2026-03-07 13:55:08]    ⚠️ Relaxando limite por dia para 2 (disciplina 12)...
[2026-03-07 13:55:08]    ⚠️ Relaxando limite por dia para 3 (disciplina 12)...
[2026-03-07 13:55:08]    ⚠️ Relaxando limite por dia para 4 (disciplina 12)...
[2026-03-07 13:55:08]    ❌ Impossível: Química (faltam 1) | vazios=10 | slots_viaveis=0
[2026-03-07 13:55:08]    📋 Faltam: Química (1), Literatura (2), Matemática ¹ (4), Matemática ² (3)
[2026-03-07 13:55:08] 
📊 6º Ano A (turno=1)
[2026-03-07 13:55:15]    ⚠️ Backtrack limit (450014). Entrando no Greedy crítico + Finalizador...
[2026-03-07 13:55:15]    ✅ Alocado: Artes (restam 0)
[2026-03-07 13:55:15]    ✅ Alocado: Literatura (restam 1)
[2026-03-07 13:55:15]    ✅ Alocado: Literatura (restam 0)
[2026-03-07 13:55:15]    ✅ Alocado: História (restam 1)
[2026-03-07 13:55:15]    ✅ Alocado: História (restam 0)
[2026-03-07 13:55:15]    ✅ Alocado: Escola da Inteligência (restam 0)
[2026-03-07 13:55:15]    ✅ Alocado: Geografia (restam 2)
[2026-03-07 13:55:15]    ✅ Alocado: Geografia (restam 1)
[2026-03-07 13:55:15]    ✅ Alocado: Geografia (restam 0)
[2026-03-07 13:55:15]    ✅ Alocado: Ciências (restam 2)
[2026-03-07 13:55:15]    ✅ Alocado: Ciências (restam 1)
[2026-03-07 13:55:15]    ⚠️ Relaxando limite por dia para 2 (disciplina 8)...
[2026-03-07 13:55:15]    ✅ Alocado: Ciências (restam 0)
[2026-03-07 13:55:15]    ✅ Alocado: Gramática (restam 3)
[2026-03-07 13:55:15]    ✅ Alocado: Gramática (restam 2)
[2026-03-07 13:55:15]    ✅ Alocado: Gramática (restam 1)
[2026-03-07 13:55:15]    ⚠️ Relaxando limite por dia para 2 (disciplina 17)...
[2026-03-07 13:55:15]    ✅ Alocado: Gramática (restam 0)
[2026-03-07 13:55:15]    ✅ Alocado: Matemática (restam 5)
[2026-03-07 13:55:15]    ✅ Alocado: Matemática (restam 4)
[2026-03-07 13:55:15]    ✅ Alocado: Matemática (restam 3)
[2026-03-07 13:55:15]    ✅ Alocado: Matemática (restam 2)
[2026-03-07 13:55:15]    ✅ Alocado: Matemática (restam 1)
[2026-03-07 13:55:15]    ✅ Alocado: Matemática (restam 0)
[2026-03-07 13:55:15]    ✅ Alocado: Inglês (restam 4)
[2026-03-07 13:55:15]    ✅ Alocado: Inglês (restam 3)
[2026-03-07 13:55:15]    ✅ Alocado: Inglês (restam 2)
[2026-03-07 13:55:15]    ✅ Alocado: Inglês (restam 1)
[2026-03-07 13:55:15]    ✅ Alocado: Inglês (restam 0)
[2026-03-07 13:55:15]    ✅ Fechado no finalizador.
[2026-03-07 13:55:15] 
📊 6º Ano B (turno=1)
[2026-03-07 13:55:15]    ⚠️ Backtrack limit (1). Entrando no Greedy crítico + Finalizador...
[2026-03-07 13:55:15]    ✅ Alocado: Literatura (restam 1)
[2026-03-07 13:55:15]    ⚠️ Relaxando limite por dia para 2 (disciplina 16)...
[2026-03-07 13:55:15]    ⚠️ Relaxando limite por dia para 3 (disciplina 16)...
[2026-03-07 13:55:15]    ⚠️ Relaxando limite por dia para 4 (disciplina 16)...
[2026-03-07 13:55:15]    ❌ Impossível: Literatura (faltam 1) | vazios=26 | slots_viaveis=0
[2026-03-07 13:55:15]    ✅ Alocado: Artes (restam 0)
[2026-03-07 13:55:15]    ✅ Alocado: História (restam 1)
[2026-03-07 13:55:15]    ✅ Alocado: História (restam 0)
[2026-03-07 13:55:15]    ✅ Alocado: Geografia (restam 2)
[2026-03-07 13:55:15]    ⚠️ Relaxando limite por dia para 2 (disciplina 5)...
[2026-03-07 13:55:15]    ✅ Alocado: Geografia (restam 1)
[2026-03-07 13:55:15]    ⚠️ Relaxando limite por dia para 3 (disciplina 5)...
[2026-03-07 13:55:15]    ✅ Alocado: Geografia (restam 0)
[2026-03-07 13:55:15]    ✅ Alocado: Escola da Inteligência (restam 0)
[2026-03-07 13:55:15]    ✅ Alocado: Ciências (restam 2)
[2026-03-07 13:55:15]    ✅ Alocado: Ciências (restam 1)
[2026-03-07 13:55:15]    ⚠️ Relaxando limite por dia para 2 (disciplina 8)...
[2026-03-07 13:55:15]    ✅ Alocado: Ciências (restam 0)
[2026-03-07 13:55:15]    ✅ Alocado: Gramática (restam 3)
[2026-03-07 13:55:15]    ✅ Alocado: Gramática (restam 2)
[2026-03-07 13:55:15]    ✅ Alocado: Gramática (restam 1)
[2026-03-07 13:55:15]    ⚠️ Relaxando limite por dia para 2 (disciplina 17)...
[2026-03-07 13:55:15]    ✅ Alocado: Gramática (restam 0)
[2026-03-07 13:55:15]    ✅ Alocado: Matemática (restam 5)
[2026-03-07 13:55:15]    ✅ Alocado: Matemática (restam 4)
[2026-03-07 13:55:15]    ✅ Alocado: Matemática (restam 3)
[2026-03-07 13:55:15]    ✅ Alocado: Matemática (restam 2)
[2026-03-07 13:55:15]    ✅ Alocado: Matemática (restam 1)
[2026-03-07 13:55:15]    ✅ Alocado: Matemática (restam 0)
[2026-03-07 13:55:15]    ✅ Alocado: Inglês (restam 4)
[2026-03-07 13:55:15]    ✅ Alocado: Inglês (restam 3)
[2026-03-07 13:55:15]    ✅ Alocado: Inglês (restam 2)
[2026-03-07 13:55:15]    ✅ Alocado: Inglês (restam 1)
[2026-03-07 13:55:15]    ✅ Alocado: Inglês (restam 0)
[2026-03-07 13:55:15]    ⚠️ Relaxando limite por dia para 2 (disciplina 16)...
[2026-03-07 13:55:15]    ⚠️ Relaxando limite por dia para 3 (disciplina 16)...
[2026-03-07 13:55:15]    ⚠️ Relaxando limite por dia para 4 (disciplina 16)...
[2026-03-07 13:55:15]    ❌ Impossível: Literatura (faltam 1) | vazios=1 | slots_viaveis=0
[2026-03-07 13:55:15]    📋 Faltam: Literatura (1)
[2026-03-07 13:55:15] 
📊 7º Ano A (turno=1)
[2026-03-07 13:55:15]    ⚠️ Backtrack limit (0). Entrando no Greedy crítico + Finalizador...
[2026-03-07 13:55:15]    ⚠️ Relaxando limite por dia para 2 (disciplina 16)...
[2026-03-07 13:55:15]    ⚠️ Relaxando limite por dia para 3 (disciplina 16)...
[2026-03-07 13:55:15]    ⚠️ Relaxando limite por dia para 4 (disciplina 16)...
[2026-03-07 13:55:15]    ❌ Impossível: Literatura (faltam 2) | vazios=27 | slots_viaveis=0
[2026-03-07 13:55:15]    ⚠️ Relaxando limite por dia para 2 (disciplina 6)...
[2026-03-07 13:55:15]    ⚠️ Relaxando limite por dia para 3 (disciplina 6)...
[2026-03-07 13:55:15]    ⚠️ Relaxando limite por dia para 4 (disciplina 6)...
[2026-03-07 13:55:15]    ❌ Impossível: Artes (faltam 1) | vazios=27 | slots_viaveis=0
[2026-03-07 13:55:15]    ✅ Alocado: História (restam 2)
[2026-03-07 13:55:15]    ⚠️ Relaxando limite por dia para 2 (disciplina 4)...
[2026-03-07 13:55:15]    ⚠️ Relaxando limite por dia para 3 (disciplina 4)...
[2026-03-07 13:55:15]    ⚠️ Relaxando limite por dia para 4 (disciplina 4)...
[2026-03-07 13:55:15]    ❌ Impossível: História (faltam 2) | vazios=26 | slots_viaveis=0
[2026-03-07 13:55:15]    ✅ Alocado: Geografia (restam 2)
[2026-03-07 13:55:15]    ⚠️ Relaxando limite por dia para 2 (disciplina 5)...
[2026-03-07 13:55:15]    ⚠️ Relaxando limite por dia para 3 (disciplina 5)...
[2026-03-07 13:55:15]    ⚠️ Relaxando limite por dia para 4 (disciplina 5)...
[2026-03-07 13:55:15]    ❌ Impossível: Geografia (faltam 2) | vazios=25 | slots_viaveis=0
[2026-03-07 13:55:15]    ✅ Alocado: Matemática (restam 4)
[2026-03-07 13:55:15]    ✅ Alocado: Matemática (restam 3)
[2026-03-07 13:55:15]    ✅ Alocado: Matemática (restam 2)
[2026-03-07 13:55:15]    ⚠️ Relaxando limite por dia para 2 (disciplina 2)...
[2026-03-07 13:55:15]    ⚠️ Relaxando limite por dia para 3 (disciplina 2)...
[2026-03-07 13:55:15]    ⚠️ Relaxando limite por dia para 4 (disciplina 2)...
[2026-03-07 13:55:15]    ❌ Impossível: Matemática (faltam 2) | vazios=22 | slots_viaveis=0
[2026-03-07 13:55:15]    ✅ Alocado: Ciências (restam 2)
[2026-03-07 13:55:15]    ✅ Alocado: Ciências (restam 1)
[2026-03-07 13:55:15]    ✅ Alocado: Ciências (restam 0)
[2026-03-07 13:55:15]    ✅ Alocado: Escola da Inteligência (restam 0)
[2026-03-07 13:55:15]    ✅ Alocado: Gramática (restam 3)
[2026-03-07 13:55:15]    ✅ Alocado: Gramática (restam 2)
[2026-03-07 13:55:15]    ⚠️ Relaxando limite por dia para 2 (disciplina 17)...
[2026-03-07 13:55:15]    ✅ Alocado: Gramática (restam 1)
[2026-03-07 13:55:15]    ⚠️ Relaxando limite por dia para 3 (disciplina 17)...
[2026-03-07 13:55:15]    ⚠️ Relaxando limite por dia para 4 (disciplina 17)...
[2026-03-07 13:55:15]    ❌ Impossível: Gramática (faltam 1) | vazios=15 | slots_viaveis=0
[2026-03-07 13:55:15]    ✅ Alocado: Inglês (restam 4)
[2026-03-07 13:55:15]    ✅ Alocado: Inglês (restam 3)
[2026-03-07 13:55:15]    ✅ Alocado: Inglês (restam 2)
[2026-03-07 13:55:15]    ⚠️ Relaxando limite por dia para 2 (disciplina 3)...
[2026-03-07 13:55:15]    ⚠️ Relaxando limite por dia para 3 (disciplina 3)...
[2026-03-07 13:55:15]    ⚠️ Relaxando limite por dia para 4 (disciplina 3)...
[2026-03-07 13:55:15]    ❌ Impossível: Inglês (faltam 2) | vazios=12 | slots_viaveis=0
[2026-03-07 13:55:15]    ⚠️ Relaxando limite por dia para 2 (disciplina 2)...
[2026-03-07 13:55:15]    ⚠️ Relaxando limite por dia para 3 (disciplina 2)...
[2026-03-07 13:55:15]    ⚠️ Relaxando limite por dia para 4 (disciplina 2)...
[2026-03-07 13:55:15]    ❌ Impossível: Matemática (faltam 2) | vazios=12 | slots_viaveis=0
[2026-03-07 13:55:15]    ⚠️ Relaxando limite por dia para 2 (disciplina 4)...
[2026-03-07 13:55:15]    ⚠️ Relaxando limite por dia para 3 (disciplina 4)...
[2026-03-07 13:55:15]    ⚠️ Relaxando limite por dia para 4 (disciplina 4)...
[2026-03-07 13:55:15]    ❌ Impossível: História (faltam 2) | vazios=12 | slots_viaveis=0
[2026-03-07 13:55:15]    ⚠️ Relaxando limite por dia para 2 (disciplina 5)...
[2026-03-07 13:55:15]    ⚠️ Relaxando limite por dia para 3 (disciplina 5)...
[2026-03-07 13:55:15]    ⚠️ Relaxando limite por dia para 4 (disciplina 5)...
[2026-03-07 13:55:15]    ❌ Impossível: Geografia (faltam 2) | vazios=12 | slots_viaveis=0
[2026-03-07 13:55:15]    ⚠️ Relaxando limite por dia para 2 (disciplina 16)...
[2026-03-07 13:55:16]    ⚠️ Relaxando limite por dia para 3 (disciplina 16)...
[2026-03-07 13:55:16]    ⚠️ Relaxando limite por dia para 4 (disciplina 16)...
[2026-03-07 13:55:16]    ❌ Impossível: Literatura (faltam 2) | vazios=12 | slots_viaveis=0
[2026-03-07 13:55:16]    ⚠️ Relaxando limite por dia para 2 (disciplina 6)...
[2026-03-07 13:55:16]    ⚠️ Relaxando limite por dia para 3 (disciplina 6)...
[2026-03-07 13:55:16]    ⚠️ Relaxando limite por dia para 4 (disciplina 6)...
[2026-03-07 13:55:16]    ❌ Impossível: Artes (faltam 1) | vazios=12 | slots_viaveis=0
[2026-03-07 13:55:16]    ⚠️ Relaxando limite por dia para 2 (disciplina 17)...
[2026-03-07 13:55:16]    ⚠️ Relaxando limite por dia para 3 (disciplina 17)...
[2026-03-07 13:55:16]    ⚠️ Relaxando limite por dia para 4 (disciplina 17)...
[2026-03-07 13:55:16]    ❌ Impossível: Gramática (faltam 1) | vazios=12 | slots_viaveis=0
[2026-03-07 13:55:16]    ⚠️ Relaxando limite por dia para 2 (disciplina 3)...
[2026-03-07 13:55:16]    ⚠️ Relaxando limite por dia para 3 (disciplina 3)...
[2026-03-07 13:55:16]    ⚠️ Relaxando limite por dia para 4 (disciplina 3)...
[2026-03-07 13:55:16]    ❌ Impossível: Inglês (faltam 2) | vazios=12 | slots_viaveis=0
[2026-03-07 13:55:16]    📋 Faltam: Matemática (2), Inglês (2), História (2), Geografia (2), Artes (1), Literatura (2), Gramática (1)
[2026-03-07 13:55:16] 
📊 7º Ano B (turno=1)
[2026-03-07 13:55:16]    ⚠️ Backtrack limit (0). Entrando no Greedy crítico + Finalizador...
[2026-03-07 13:55:16]    ⚠️ Relaxando limite por dia para 2 (disciplina 2)...
[2026-03-07 13:55:16]    ⚠️ Relaxando limite por dia para 3 (disciplina 2)...
[2026-03-07 13:55:16]    ⚠️ Relaxando limite por dia para 4 (disciplina 2)...
[2026-03-07 13:55:16]    ❌ Impossível: Matemática (faltam 5) | vazios=27 | slots_viaveis=0
[2026-03-07 13:55:16]    ⚠️ Relaxando limite por dia para 2 (disciplina 4)...
[2026-03-07 13:55:16]    ⚠️ Relaxando limite por dia para 3 (disciplina 4)...
[2026-03-07 13:55:16]    ⚠️ Relaxando limite por dia para 4 (disciplina 4)...
[2026-03-07 13:55:16]    ❌ Impossível: História (faltam 3) | vazios=27 | slots_viaveis=0
[2026-03-07 13:55:16]    ⚠️ Relaxando limite por dia para 2 (disciplina 5)...
[2026-03-07 13:55:16]    ⚠️ Relaxando limite por dia para 3 (disciplina 5)...
[2026-03-07 13:55:16]    ⚠️ Relaxando limite por dia para 4 (disciplina 5)...
[2026-03-07 13:55:16]    ❌ Impossível: Geografia (faltam 3) | vazios=27 | slots_viaveis=0
[2026-03-07 13:55:16]    ⚠️ Relaxando limite por dia para 2 (disciplina 16)...
[2026-03-07 13:55:16]    ⚠️ Relaxando limite por dia para 3 (disciplina 16)...
[2026-03-07 13:55:16]    ⚠️ Relaxando limite por dia para 4 (disciplina 16)...
[2026-03-07 13:55:16]    ❌ Impossível: Literatura (faltam 2) | vazios=27 | slots_viaveis=0
[2026-03-07 13:55:16]    ⚠️ Relaxando limite por dia para 2 (disciplina 6)...
[2026-03-07 13:55:16]    ⚠️ Relaxando limite por dia para 3 (disciplina 6)...
[2026-03-07 13:55:16]    ⚠️ Relaxando limite por dia para 4 (disciplina 6)...
[2026-03-07 13:55:16]    ❌ Impossível: Artes (faltam 1) | vazios=27 | slots_viaveis=0
[2026-03-07 13:55:16]    ✅ Alocado: Gramática (restam 3)
[2026-03-07 13:55:16]    ⚠️ Relaxando limite por dia para 2 (disciplina 17)...
[2026-03-07 13:55:16]    ⚠️ Relaxando limite por dia para 3 (disciplina 17)...
[2026-03-07 13:55:16]    ⚠️ Relaxando limite por dia para 4 (disciplina 17)...
[2026-03-07 13:55:16]    ❌ Impossível: Gramática (faltam 3) | vazios=26 | slots_viaveis=0
[2026-03-07 13:55:16]    ✅ Alocado: Ciências (restam 2)
[2026-03-07 13:55:16]    ⚠️ Relaxando limite por dia para 2 (disciplina 8)...
[2026-03-07 13:55:16]    ⚠️ Relaxando limite por dia para 3 (disciplina 8)...
[2026-03-07 13:55:16]    ⚠️ Relaxando limite por dia para 4 (disciplina 8)...
[2026-03-07 13:55:16]    ❌ Impossível: Ciências (faltam 2) | vazios=25 | slots_viaveis=0
[2026-03-07 13:55:16]    ✅ Alocado: Inglês (restam 4)
[2026-03-07 13:55:16]    ⚠️ Relaxando limite por dia para 2 (disciplina 3)...
[2026-03-07 13:55:16]    ⚠️ Relaxando limite por dia para 3 (disciplina 3)...
[2026-03-07 13:55:16]    ⚠️ Relaxando limite por dia para 4 (disciplina 3)...
[2026-03-07 13:55:16]    ❌ Impossível: Inglês (faltam 4) | vazios=24 | slots_viaveis=0
[2026-03-07 13:55:16]    ✅ Alocado: Escola da Inteligência (restam 0)
[2026-03-07 13:55:16]    ⚠️ Relaxando limite por dia para 2 (disciplina 2)...
[2026-03-07 13:55:16]    ⚠️ Relaxando limite por dia para 3 (disciplina 2)...
[2026-03-07 13:55:16]    ⚠️ Relaxando limite por dia para 4 (disciplina 2)...
[2026-03-07 13:55:16]    ❌ Impossível: Matemática (faltam 5) | vazios=23 | slots_viaveis=0
[2026-03-07 13:55:16]    ⚠️ Relaxando limite por dia para 2 (disciplina 4)...
[2026-03-07 13:55:16]    ⚠️ Relaxando limite por dia para 3 (disciplina 4)...
[2026-03-07 13:55:16]    ⚠️ Relaxando limite por dia para 4 (disciplina 4)...
[2026-03-07 13:55:16]    ❌ Impossível: História (faltam 3) | vazios=23 | slots_viaveis=0
[2026-03-07 13:55:16]    ⚠️ Relaxando limite por dia para 2 (disciplina 5)...
[2026-03-07 13:55:16]    ⚠️ Relaxando limite por dia para 3 (disciplina 5)...
[2026-03-07 13:55:16]    ⚠️ Relaxando limite por dia para 4 (disciplina 5)...
[2026-03-07 13:55:16]    ❌ Impossível: Geografia (faltam 3) | vazios=23 | slots_viaveis=0
[2026-03-07 13:55:16]    ⚠️ Relaxando limite por dia para 2 (disciplina 17)...
[2026-03-07 13:55:16]    ⚠️ Relaxando limite por dia para 3 (disciplina 17)...
[2026-03-07 13:55:16]    ⚠️ Relaxando limite por dia para 4 (disciplina 17)...
[2026-03-07 13:55:16]    ❌ Impossível: Gramática (faltam 3) | vazios=23 | slots_viaveis=0
[2026-03-07 13:55:16]    ⚠️ Relaxando limite por dia para 2 (disciplina 8)...
[2026-03-07 13:55:16]    ⚠️ Relaxando limite por dia para 3 (disciplina 8)...
[2026-03-07 13:55:16]    ⚠️ Relaxando limite por dia para 4 (disciplina 8)...
[2026-03-07 13:55:16]    ❌ Impossível: Ciências (faltam 2) | vazios=23 | slots_viaveis=0
[2026-03-07 13:55:16]    ⚠️ Relaxando limite por dia para 2 (disciplina 16)...
[2026-03-07 13:55:16]    ⚠️ Relaxando limite por dia para 3 (disciplina 16)...
[2026-03-07 13:55:16]    ⚠️ Relaxando limite por dia para 4 (disciplina 16)...
[2026-03-07 13:55:16]    ❌ Impossível: Literatura (faltam 2) | vazios=23 | slots_viaveis=0
[2026-03-07 13:55:16]    ⚠️ Relaxando limite por dia para 2 (disciplina 6)...
[2026-03-07 13:55:16]    ⚠️ Relaxando limite por dia para 3 (disciplina 6)...
[2026-03-07 13:55:16]    ⚠️ Relaxando limite por dia para 4 (disciplina 6)...
[2026-03-07 13:55:16]    ❌ Impossível: Artes (faltam 1) | vazios=23 | slots_viaveis=0
[2026-03-07 13:55:16]    ⚠️ Relaxando limite por dia para 2 (disciplina 3)...
[2026-03-07 13:55:16]    ⚠️ Relaxando limite por dia para 3 (disciplina 3)...
[2026-03-07 13:55:16]    ⚠️ Relaxando limite por dia para 4 (disciplina 3)...
[2026-03-07 13:55:16]    ❌ Impossível: Inglês (faltam 4) | vazios=23 | slots_viaveis=0
[2026-03-07 13:55:16]    📋 Faltam: Matemática (5), Inglês (4), História (3), Geografia (3), Artes (1), Ciências (2), Literatura (2), Gramática (3)
[2026-03-07 13:55:16] 
>>> FASE 6.5: Fechamento local das pendências
[2026-03-07 13:55:16] 
>>> FASE 7: Validação
[2026-03-07 13:55:16] 📊 RESULTADO:
[2026-03-07 13:55:16]    • Aulas: 182
[2026-03-07 13:55:16]    • Vazios: 58
[2026-03-07 13:55:16]    • Consecutivas: 4
