[2025-03-16 22:24:51] Usuário: 0 | Nome Usuário: Desconhecido | IP: ::1 | Status: Acesso negado! Usuário inexistente ou inativo!
[2025-03-16 22:25:13] Usuário: 1 | Nome Usuário: Diezare.Conde | IP: ::1 | Status: Sucesso no login.
[2025-03-16 22:25:23] Usuário: 1 | Nome Usuário: Diezare.Conde | IP: ::1 | Status: Saiu do sistema e/ou tempo se encerrou.
[2025-03-18 20:16:47] Usuário: 0 | Nome Usuário: Desconhecido | IP: ::1 | Status: Acesso negado! Usuário inexistente ou inativo!
[2025-03-18 20:16:52] Usuário: 1 | Nome Usuário: Diezare.Conde | IP: ::1 | Status: Sucesso no login.
[2025-03-18 23:27:45] Usuário: 1 | Nome Usuário: Diezare.Conde | IP: ::1 | Status: Saiu do sistema e/ou tempo se encerrou.
[2025-03-19 10:57:22] Usuário: 1 | Nome Usuário: Diezare.Conde | IP: ::1 | Status: Sucesso no login.
[2025-03-19 11:45:57] Usuário: 1 | Nome Usuário: Diezare.Conde | IP: ::1 | Status: Saiu do sistema e/ou tempo se encerrou.
[2025-03-19 11:46:30] Usuário: 1 | Nome Usuário: Diezare.Conde | IP: ::1 | Status: Sucesso no login.
[2025-03-19 11:46:49] Usuário: 1 | Nome Usuário: Diezare.Conde | IP: ::1 | Status: Saiu do sistema e/ou tempo se encerrou.
[2025-03-19 11:46:57] Usuário: 1 | Nome Usuário: Diezare.Conde | IP: ::1 | Status: Sucesso no login.
[2025-03-19 11:47:21] Usuário: 1 | Nome Usuário: Diezare.Conde | IP: ::1 | Status: Saiu do sistema e/ou tempo se encerrou.
[2025-03-19 11:47:26] Usuário: 1 | Nome Usuário: Diezare.Conde | IP: ::1 | Status: Sucesso no login.
[2025-03-19 17:15:30] Usuário: 0 | Nome Usuário: Desconhecido | IP: ::1 | Status: Acesso negado! Usuário inexistente ou inativo!
[2025-03-19 17:28:39] Usuário: 1 | Nome Usuário: Diezare.Conde | IP: ::1 | Status: Saiu do sistema e/ou tempo se encerrou.
[2025-03-19 17:28:45] Usuário: 1 | Nome Usuário: Diezare.Conde | IP: ::1 | Status: Sucesso no login.
[2025-03-19 17:40:01] Usuário: 1 | Nome Usuário: Diezare.Conde | IP: ::1 | Status: Saiu do sistema e/ou tempo se encerrou.
[2025-10-06 22:41:06] Usuário: 1 | Nome Usuário: Diezare.Conde | IP: ::1 | Status: Saiu do sistema e/ou tempo se encerrou.
[2025-10-06 22:41:14] Usuário: 1 | Nome Usuário: Diezare.Conde | IP: ::1 | Status: Sucesso no login.
[2025-10-06 23:11:47] Usuário: 1 | Nome Usuário: Diezare.Conde | IP: ::1 | Status: Saiu do sistema e/ou tempo se encerrou.
[2025-10-07 08:47:51] Usuário: 1 | Nome Usuário: Diezare.Conde | IP: ::1 | Status: Sucesso no login.
[2025-10-07 14:30:49] Usuário: 1 | Nome Usuário: Diezare.Conde | IP: ::1 | Status: Saiu do sistema e/ou tempo se encerrou.
[2025-10-07 14:35:08] Usuário: 1 | Nome Usuário: Diezare.Conde | IP: ::1 | Status: Sucesso no login.
[2025-10-07 17:24:44] Usuário: 1 | Nome Usuário: Diezare.Conde | IP: ::1 | Status: Saiu do sistema e/ou tempo se encerrou.
[2025-10-08 07:30:17] Usuário: 1 | Nome Usuário: Diezare.Conde | IP: ::1 | Status: Sucesso no login.
[2025-10-08 17:26:57] Usuário: 1 | Nome Usuário: Diezare.Conde | IP: ::1 | Status: Saiu do sistema e/ou tempo se encerrou.
[2025-10-09 08:54:27] Usuário: 1 | Nome Usuário: Diezare.Conde | IP: ::1 | Status: Sucesso no login.
[2025-10-09 17:21:51] Usuário: 1 | Nome Usuário: Diezare.Conde | IP: ::1 | Status: Saiu do sistema e/ou tempo se encerrou.
[2025-10-20 10:16:16] Usuário: 0 | Nome Usuário: Desconhecido | IP: ::1 | Status: Acesso negado! Usuário inexistente ou inativo!
[2025-10-20 10:16:23] Usuário: 1 | Nome Usuário: Diezare.Conde | IP: ::1 | Status: Sucesso no login.
[2025-10-20 22:28:08] Usuário: 1 | Nome Usuário: Diezare.Conde | IP: ::1 | Status: Saiu do sistema e/ou tempo se encerrou.
[2025-10-21 08:55:38] Usuário: 0 | Nome Usuário: Desconhecido | IP: ::1 | Status: Acesso negado! Usuário inexistente ou inativo!
[2025-10-21 08:55:45] Usuário: 1 | Nome Usuário: Diezare.Conde | IP: ::1 | Status: Sucesso no login.
[2025-10-21 16:14:25] Usuário: 1 | Nome Usuário: Diezare.Conde | IP: ::1 | Status: Saiu do sistema e/ou tempo se encerrou.
[2025-10-21 16:14:29] Usuário: 0 | Nome Usuário: f | IP: ::1 | Status: Acesso negado! Usuário inexistente ou inativo!
[2025-10-21 16:14:37] Usuário: 1 | Nome Usuário: Diezare.Conde | IP: ::1 | Status: Login falhou. Usuário ou senha errada.
[2025-10-21 16:14:41] Usuário: 1 | Nome Usuário: Diezare.Conde | IP: ::1 | Status: Sucesso no login.
[2025-10-21 16:58:14] Usuário: 0 | Nome Usuário: Desconhecido | IP: ::1 | Status: Acesso negado! Usuário inexistente ou inativo!
[2025-10-21 16:58:50] Usuário: 1 | Nome Usuário: Diezare.Conde | IP: ::1 | Status: Sucesso no login.
[2025-10-21 16:59:28] Usuário: 1 | Nome Usuário: Diezare.Conde | IP: ::1 | Status: Saiu do sistema e/ou tempo se encerrou.
[2025-10-22 07:55:26] Usuário: 0 | Nome Usuário: Desconhecido | IP: ::1 | Status: Acesso negado! Usuário inexistente ou inativo!
[2025-10-22 07:55:35] Usuário: 1 | Nome Usuário: Diezare.Conde | IP: ::1 | Status: Sucesso no login.
{"timestamp":"2025-10-22T11:30:19Z","id_usuario":1,"nome_usuario":"Diezare.Conde","ip_usuario":"::1","status":"saida_sistema","mensagem":"Saiu do sistema e\/ou tempo se encerrou."}
{"timestamp":"2025-10-22T11:30:27Z","id_usuario":1,"nome_usuario":"Diezare.Conde","ip_usuario":"::1","status":"sucesso_login","mensagem":"Sucesso no login."}
{"timestamp":"2025-10-22T11:32:14Z","id_usuario":1,"nome_usuario":"Diezare.Conde","ip_usuario":"::1","status":"saida_sistema","mensagem":"Saiu do sistema e\/ou tempo se encerrou."}
[2025-10-22 08:38:24] Usuário: 1 | Nome Usuário: Diezare.Conde | IP: ::1 | Status: Sucesso no login.
[2025-10-22 09:43:49] Usuário: 0 | Nome Usuário: Desconhecido | IP: ::1 | Status: Acesso negado! Usuário inexistente ou inativo!
[2025-10-22 09:43:50] Usuário: 0 | Nome Usuário: Desconhecido | IP: ::1 | Status: Acesso negado! Usuário inexistente ou inativo!
[2025-10-22 09:43:57] Usuário: 0 | Nome Usuário: Desconhecido | IP: ::1 | Status: Acesso negado! Usuário inexistente ou inativo!
[2025-10-22 09:44:04] Usuário: 1 | Nome Usuário: Diezare.Conde | IP: ::1 | Status: Sucesso no login.
[2025-10-22 09:45:50] Usuário: 1 | Nome Usuário: Diezare.Conde | IP: ::1 | Status: Sucesso no login.
[2025-10-22 10:48:42] Usuário: 1 | Nome Usuário: Diezare.Conde | IP: ::1 | Status: Sucesso no login.
[2025-10-22 11:06:37] Usuário: 1 | Nome Usuário: Diezare.Conde | IP: ::1 | Status: Sucesso no login.
[2025-10-23 08:40:24] Usuário: 0 | Nome Usuário: Desconhecido | IP: ::1 | Status: Acesso negado! Usuário inexistente ou inativo!
[2025-10-23 08:40:37] Usuário: 1 | Nome Usuário: Diezare.Conde | IP: ::1 | Status: Sucesso no login.
[2025-10-23 14:52:17] Usuário: 1 | Nome Usuário: Diezare.Conde | IP: ::1 | Status: Saiu do sistema e/ou tempo se encerrou.
[2025-10-23 15:03:17] Usuário: 0 | Nome Usuário: Desconhecido | IP: ::1 | Status: Acesso negado! Usuário inexistente ou inativo!
[2025-10-23 15:14:47] Usuário: 1 | Nome Usuário: Diezare.Conde | IP: ::1 | Status: Login falhou. Usuário ou senha errada.
[2025-10-23 15:14:50] Usuário: 1 | Nome Usuário: Diezare.Conde | IP: ::1 | Status: Login falhou. Usuário ou senha errada.
[2025-10-23 15:18:12] Usuário: 1 | Nome Usuário: Diezare.Conde | IP: ::1 | Status: Login falhou. Usuário ou senha errada.
[2025-10-23 15:18:16] Usuário: 1 | Nome Usuário: Diezare.Conde | IP: ::1 | Status: Sucesso no login.
[2025-10-23 15:51:02] Usuário: 1 | Nome Usuário: Diezare.Conde | IP: ::1 | Status: Saiu do sistema e/ou tempo se encerrou.
[2025-10-23 15:51:05] Usuário: 0 | Nome Usuário: dsa | IP: ::1 | Status: Acesso negado! Usuário inexistente ou inativo!
[2025-10-23 15:51:10] Usuário: 0 | Nome Usuário: dsa | IP: ::1 | Status: Acesso negado! Usuário inexistente ou inativo!
[2025-10-23 15:51:45] Usuário: 0 | Nome Usuário: dsa | IP: ::1 | Status: Acesso negado! Usuário inexistente ou inativo!
[2025-10-23 15:52:13] Usuário: 0 | Nome Usuário: ds | IP: ::1 | Status: Acesso negado! Usuário inexistente ou inativo!
[2025-10-23 15:53:35] Usuário: 0 | Nome Usuário: das | IP: ::1 | Status: Acesso negado! Usuário inexistente ou inativo!
[2025-10-23 15:53:38] Usuário: 0 | Nome Usuário: das | IP: ::1 | Status: Acesso negado! Usuário inexistente ou inativo!
[2025-10-23 15:53:44] Usuário: 0 | Nome Usuário: d | IP: ::1 | Status: Acesso negado! Usuário inexistente ou inativo!
[2025-10-23 15:56:37] Usuário: 0 | Nome Usuário: dsa | IP: ::1 | Status: Acesso negado! Usuário inexistente ou inativo!
[2025-10-23 15:56:43] Usuário: 0 | Nome Usuário: dsad | IP: ::1 | Status: Acesso negado! Usuário inexistente ou inativo!
[2025-10-23 15:57:14] Usuário: 0 | Nome Usuário: dsa | IP: ::1 | Status: Acesso negado! Usuário inexistente ou inativo!
[2025-10-23 16:03:21] Usuário: 0 | Nome Usuário: dsa | IP: ::1 | Status: Acesso negado! Usuário inexistente ou inativo!
[2025-10-23 16:06:27] Usuário: 0 | Nome Usuário: dd | IP: ::1 | Status: Acesso negado! Usuário inexistente ou inativo!
[2025-10-23 16:06:33] Usuário: 0 | Nome Usuário: dsad | IP: ::1 | Status: Acesso negado! Usuário inexistente ou inativo!
[2025-10-23 16:08:37] Usuário: 0 | Nome Usuário: Diéz | IP: ::1 | Status: Acesso negado! Usuário inexistente ou inativo!
[2025-10-23 16:09:43] Usuário: 0 | Nome Usuário: dsa | IP: ::1 | Status: Acesso negado! Usuário inexistente ou inativo!
[2025-10-23 16:09:49] Usuário: 0 | Nome Usuário: dsa | IP: ::1 | Status: Acesso negado! Usuário inexistente ou inativo!
[2025-10-23 16:18:23] Usuário: 0 | Nome Usuário: SemUsuario | IP: ::1 | Status: Login falhou. Usuário ou senha errada.
[2025-10-23 16:18:45] Usuário: 1 | Nome Usuário: Diezare.Conde | IP: ::1 | Status: Sucesso no login.
[2025-10-23 16:18:48] Usuário: 1 | Nome Usuário: Diezare.Conde | IP: ::1 | Status: Saiu do sistema e/ou tempo se encerrou.
[2025-10-23 16:18:56] Usuário: 1 | Nome Usuário: Diezare.Conde | IP: ::1 | Status: Sucesso no login.
[2025-10-23 16:25:03] Usuário: 1 | Nome Usuário: Diezare.Conde | IP: ::1 | Status: Saiu do sistema e/ou tempo se encerrou.
[2025-10-23 16:25:03] remember_me_ok user_id=1
[2025-10-23 16:25:47] Usuário: 1 | Nome Usuário: Diezare.Conde | IP: ::1 | Status: Sucesso no login.
[2025-10-23 16:26:00] Usuário: 1 | Nome Usuário: Diezare.Conde | IP: ::1 | Status: Saiu do sistema e/ou tempo se encerrou.
[2025-10-23 16:28:21] Usuário: 1 | Nome Usuário: Diezare.Conde | IP: ::1 | Status: Sucesso no login.
[2025-10-23 16:28:24] Usuário: 1 | Nome Usuário: Diezare.Conde | IP: ::1 | Status: Saiu do sistema e/ou tempo se encerrou.
[2025-10-27 07:33:03] acesso_negado_login
[2025-10-27 07:33:08] Usuário: 1 | Nome Usuário: Diezare.Conde | IP: ::1 | Status: Sucesso no login.
[2025-10-27 09:59:21] Usuário: 1 | Nome Usuário: Diezare.Conde | IP: ::1 | Status: Saiu do sistema e/ou tempo se encerrou.
[2025-10-27 09:59:24] acesso_negado_login
[2025-10-27 09:59:31] Usuário: 1 | Nome Usuário: Diezare.Conde | IP: ::1 | Status: Sucesso no login.
[2025-10-27 10:00:29] Usuário: 1 | Nome Usuário: Diezare.Conde | IP: ::1 | Status: Saiu do sistema e/ou tempo se encerrou.
[2025-10-27 10:00:42] Usuário: 1 | Nome Usuário: Diezare.Conde | IP: ::1 | Status: Sucesso no login.
[2025-10-27 10:17:23] Usuário: 1 | Nome Usuário: Diezare.Conde | IP: ::1 | Status: Saiu do sistema e/ou tempo se encerrou.
[2025-10-27 10:18:31] Usuário: 1 | Nome Usuário: Diezare.Conde | IP: ::1 | Status: Sucesso no login.
[2025-10-27 10:21:58] Usuário: 1 | Nome Usuário: Diezare.Conde | IP: ::1 | Status: Saiu do sistema e/ou tempo se encerrou.
[2025-10-27 12:19:21] acesso_negado_login
[2025-10-27 12:19:30] Usuário: 1 | Nome Usuário: Diezare.Conde | IP: ::1 | Status: Sucesso no login.
[2025-10-27 12:35:50] Usuário: 1 | Nome Usuário: Diezare.Conde | IP: ::1 | Status: Saiu do sistema e/ou tempo se encerrou.
[2025-10-29 09:14:54] acesso_negado_login
[2025-10-29 09:17:12] Usuário: 1 | Nome Usuário: Diezare.Conde | IP: ::1 | Status: Sucesso no login.
[2025-10-29 09:24:00] acesso_negado_login
[2025-10-29 09:24:00] acesso_negado_login
[2025-10-29 09:24:00] Usuário: 0 | Nome Usuário: ZAP | IP: 127.0.0.1 | Status: Acesso negado! Usuário inexistente ou inativo!
[2025-10-29 09:24:13] acesso_negado_login
[2025-10-29 09:24:15] acesso_negado_login
[2025-10-29 09:24:16] Usuário: 0 | Nome Usuário: SemUsuario | IP: 127.0.0.1 | Status: Login falhou. Usuário ou senha errada.
[2025-10-29 09:25:09] acesso_negado_login
[2025-10-29 09:27:30] Usuário: 1 | Nome Usuário: Diezare.Conde | IP: ::1 | Status: Saiu do sistema e/ou tempo se encerrou.
[2025-10-29 09:27:46] Usuário: 0 | Nome Usuário: ZAP | IP: 127.0.0.1 | Status: Acesso negado! Usuário inexistente ou inativo!
[2025-10-29 09:27:57] Usuário: 0 | Nome Usuário: SemUsuario | IP: 127.0.0.1 | Status: Login falhou. Usuário ou senha errada.
[2025-10-29 09:28:43] acesso_negado_login
[2025-10-29 09:32:18] Usuário: 1 | Nome Usuário: Diezare.Conde | IP: ::1 | Status: Sucesso no login.
[2025-10-29 09:32:47] acesso_negado_login
[2025-10-29 09:32:47] acesso_negado_login
[2025-10-29 09:32:47] Usuário: 0 | Nome Usuário: ZAP | IP: 127.0.0.1 | Status: Acesso negado! Usuário inexistente ou inativo!
[2025-10-29 09:32:57] acesso_negado_login
[2025-10-29 09:32:57] acesso_negado_login
[2025-10-29 09:32:57] acesso_negado_login
[2025-10-29 09:32:57] acesso_negado_login
[2025-10-29 09:32:57] acesso_negado_login
[2025-10-29 09:32:57] acesso_negado_login
[2025-10-29 09:32:57] acesso_negado_login
[2025-10-29 09:32:57] acesso_negado_login
[2025-10-29 09:32:57] acesso_negado_login
[2025-10-29 09:32:57] acesso_negado_login
[2025-10-29 09:32:57] acesso_negado_login
[2025-10-29 09:32:57] acesso_negado_login
[2025-10-29 09:32:57] acesso_negado_login
[2025-10-29 09:32:57] acesso_negado_login
[2025-10-29 09:32:57] acesso_negado_login
[2025-10-29 09:32:57] acesso_negado_login
[2025-10-29 09:32:57] acesso_negado_login
[2025-10-29 09:32:57] acesso_negado_login
[2025-10-29 09:32:57] acesso_negado_login
[2025-10-29 09:32:57] acesso_negado_login
[2025-10-29 09:32:57] acesso_negado_login
[2025-10-29 09:32:57] acesso_negado_login
[2025-10-29 09:32:57] acesso_negado_login
[2025-10-29 09:32:57] acesso_negado_login
[2025-10-29 09:32:57] acesso_negado_login
[2025-10-29 09:32:57] acesso_negado_login
[2025-10-29 09:32:57] acesso_negado_login
[2025-10-29 09:32:57] acesso_negado_login
[2025-10-29 09:32:57] acesso_negado_login
[2025-10-29 09:32:57] acesso_negado_login
[2025-10-29 09:32:57] acesso_negado_login
[2025-10-29 09:32:57] acesso_negado_login
[2025-10-29 09:32:57] acesso_negado_login
[2025-10-29 09:32:57] acesso_negado_login
[2025-10-29 09:32:57] acesso_negado_login
[2025-10-29 09:32:57] acesso_negado_login
[2025-10-29 09:32:57] acesso_negado_login
[2025-10-29 09:32:57] acesso_negado_login
[2025-10-29 09:32:57] acesso_negado_login
[2025-10-29 09:32:57] acesso_negado_login
[2025-10-29 09:32:57] acesso_negado_login
[2025-10-29 09:32:58] acesso_negado_login
[2025-10-29 09:32:58] acesso_negado_login
[2025-10-29 09:32:58] acesso_negado_login
[2025-10-29 09:32:58] acesso_negado_login
[2025-10-29 09:32:58] acesso_negado_login
[2025-10-29 09:32:58] acesso_negado_login
[2025-10-29 09:32:58] acesso_negado_login
[2025-10-29 09:32:58] acesso_negado_login
[2025-10-29 09:32:58] acesso_negado_login
[2025-10-29 09:32:58] acesso_negado_login
[2025-10-29 09:32:58] acesso_negado_login
[2025-10-29 09:32:58] acesso_negado_login
[2025-10-29 09:32:58] acesso_negado_login
[2025-10-29 09:32:58] acesso_negado_login
[2025-10-29 09:32:58] acesso_negado_login
[2025-10-29 09:32:58] acesso_negado_login
[2025-10-29 09:32:58] acesso_negado_login
[2025-10-29 09:32:58] acesso_negado_login
[2025-10-29 09:32:58] acesso_negado_login
[2025-10-29 09:32:58] acesso_negado_login
[2025-10-29 09:32:58] acesso_negado_login
[2025-10-29 09:32:58] acesso_negado_login
[2025-10-29 09:32:58] acesso_negado_login
[2025-10-29 09:32:58] acesso_negado_login
[2025-10-29 09:32:58] acesso_negado_login
[2025-10-29 09:32:58] acesso_negado_login
[2025-10-29 09:32:58] acesso_negado_login
[2025-10-29 09:32:58] acesso_negado_login
[2025-10-29 09:32:58] acesso_negado_login
[2025-10-29 09:32:58] acesso_negado_login
[2025-10-29 09:32:58] acesso_negado_login
[2025-10-29 09:32:58] acesso_negado_login
[2025-10-29 09:32:58] acesso_negado_login
[2025-10-29 09:32:58] acesso_negado_login
[2025-10-29 09:32:58] acesso_negado_login
[2025-10-29 09:32:58] acesso_negado_login
[2025-10-29 09:32:58] acesso_negado_login
[2025-10-29 09:32:58] acesso_negado_login
[2025-10-29 09:32:58] acesso_negado_login
[2025-10-29 09:32:58] acesso_negado_login
[2025-10-29 09:32:58] acesso_negado_login
[2025-10-29 09:32:58] acesso_negado_login
[2025-10-29 09:32:58] acesso_negado_login
[2025-10-29 09:32:58] acesso_negado_login
[2025-10-29 09:32:58] acesso_negado_login
[2025-10-29 09:32:58] acesso_negado_login
[2025-10-29 09:32:58] acesso_negado_login
[2025-10-29 09:32:58] acesso_negado_login
[2025-10-29 09:32:58] acesso_negado_login
[2025-10-29 09:32:58] acesso_negado_login
[2025-10-29 09:32:58] acesso_negado_login
[2025-10-29 09:32:58] acesso_negado_login
[2025-10-29 09:32:58] acesso_negado_login
[2025-10-29 09:32:58] acesso_negado_login
[2025-10-29 09:32:58] acesso_negado_login
[2025-10-29 09:32:58] acesso_negado_login
[2025-10-29 09:32:58] acesso_negado_login
[2025-10-29 09:32:58] acesso_negado_login
[2025-10-29 09:32:58] acesso_negado_login
[2025-10-29 09:32:58] acesso_negado_login
[2025-10-29 09:32:58] acesso_negado_login
[2025-10-29 09:32:58] acesso_negado_login
[2025-10-29 09:32:58] acesso_negado_login
[2025-10-29 09:32:58] acesso_negado_login
[2025-10-29 09:32:58] acesso_negado_login
[2025-10-29 09:32:58] acesso_negado_login
[2025-10-29 09:32:58] acesso_negado_login
[2025-10-29 09:32:58] acesso_negado_login
[2025-10-29 09:32:58] acesso_negado_login
[2025-10-29 09:32:58] acesso_negado_login
[2025-10-29 09:32:58] acesso_negado_login
[2025-10-29 09:32:59] acesso_negado_login
[2025-10-29 09:32:59] acesso_negado_login
[2025-10-29 09:32:59] acesso_negado_login
[2025-10-29 09:32:59] acesso_negado_login
[2025-10-29 09:32:59] acesso_negado_login
[2025-10-29 09:32:59] acesso_negado_login
[2025-10-29 09:32:59] acesso_negado_login
[2025-10-29 09:32:59] acesso_negado_login
[2025-10-29 09:32:59] acesso_negado_login
[2025-10-29 09:32:59] acesso_negado_login
[2025-10-29 09:32:59] acesso_negado_login
[2025-10-29 09:32:59] acesso_negado_login
[2025-10-29 09:32:59] acesso_negado_login
[2025-10-29 09:32:59] acesso_negado_login
[2025-10-29 09:32:59] acesso_negado_login
[2025-10-29 09:32:59] acesso_negado_login
[2025-10-29 09:32:59] acesso_negado_login
[2025-10-29 09:32:59] acesso_negado_login
[2025-10-29 09:32:59] acesso_negado_login
[2025-10-29 09:32:59] acesso_negado_login
[2025-10-29 09:32:59] acesso_negado_login
[2025-10-29 09:32:59] acesso_negado_login
[2025-10-29 09:32:59] acesso_negado_login
[2025-10-29 09:32:59] acesso_negado_login
[2025-10-29 09:32:59] acesso_negado_login
[2025-10-29 09:32:59] acesso_negado_login
[2025-10-29 09:32:59] acesso_negado_login
[2025-10-29 09:32:59] acesso_negado_login
[2025-10-29 09:32:59] acesso_negado_login
[2025-10-29 09:32:59] acesso_negado_login
[2025-10-29 09:32:59] acesso_negado_login
[2025-10-29 09:32:59] acesso_negado_login
[2025-10-29 09:32:59] acesso_negado_login
[2025-10-29 09:32:59] acesso_negado_login
[2025-10-29 09:32:59] acesso_negado_login
[2025-10-29 09:32:59] acesso_negado_login
[2025-10-29 09:32:59] acesso_negado_login
[2025-10-29 09:32:59] acesso_negado_login
[2025-10-29 09:32:59] acesso_negado_login
[2025-10-29 09:32:59] acesso_negado_login
[2025-10-29 09:32:59] acesso_negado_login
[2025-10-29 09:32:59] acesso_negado_login
[2025-10-29 09:32:59] acesso_negado_login
[2025-10-29 09:32:59] acesso_negado_login
[2025-10-29 09:32:59] acesso_negado_login
[2025-10-29 09:32:59] acesso_negado_login
[2025-10-29 09:32:59] acesso_negado_login
[2025-10-29 09:32:59] acesso_negado_login
[2025-10-29 09:32:59] acesso_negado_login
[2025-10-29 09:32:59] acesso_negado_login
[2025-10-29 09:32:59] acesso_negado_login
[2025-10-29 09:32:59] acesso_negado_login
[2025-10-29 09:32:59] acesso_negado_login
[2025-10-29 09:32:59] acesso_negado_login
[2025-10-29 09:32:59] acesso_negado_login
[2025-10-29 09:32:59] acesso_negado_login
[2025-10-29 09:32:59] acesso_negado_login
[2025-10-29 09:32:59] acesso_negado_login
[2025-10-29 09:32:59] acesso_negado_login
[2025-10-29 09:32:59] acesso_negado_login
[2025-10-29 09:32:59] acesso_negado_login
[2025-10-29 09:32:59] acesso_negado_login
[2025-10-29 09:32:59] acesso_negado_login
[2025-10-29 09:32:59] acesso_negado_login
[2025-10-29 09:32:59] acesso_negado_login
[2025-10-29 09:32:59] acesso_negado_login
[2025-10-29 09:32:59] acesso_negado_login
[2025-10-29 09:32:59] acesso_negado_login
[2025-10-29 09:32:59] acesso_negado_login
[2025-10-29 09:32:59] acesso_negado_login
[2025-10-29 09:32:59] acesso_negado_login
[2025-10-29 09:32:59] acesso_negado_login
[2025-10-29 09:33:00] acesso_negado_login
[2025-10-29 09:33:00] acesso_negado_login
[2025-10-29 09:33:00] acesso_negado_login
[2025-10-29 09:33:00] acesso_negado_login
[2025-10-29 09:33:00] acesso_negado_login
[2025-10-29 09:33:00] acesso_negado_login
[2025-10-29 09:33:00] acesso_negado_login
[2025-10-29 09:33:00] acesso_negado_login
[2025-10-29 09:33:00] acesso_negado_login
[2025-10-29 09:33:00] acesso_negado_login
[2025-10-29 09:33:00] acesso_negado_login
[2025-10-29 09:33:00] acesso_negado_login
[2025-10-29 09:33:00] acesso_negado_login
[2025-10-29 09:33:00] acesso_negado_login
[2025-10-29 09:33:00] acesso_negado_login
[2025-10-29 09:33:00] acesso_negado_login
[2025-10-29 09:33:00] acesso_negado_login
[2025-10-29 09:33:00] acesso_negado_login
[2025-10-29 09:33:00] acesso_negado_login
[2025-10-29 09:33:00] acesso_negado_login
[2025-10-29 09:33:00] acesso_negado_login
[2025-10-29 09:33:00] acesso_negado_login
[2025-10-29 09:33:00] acesso_negado_login
[2025-10-29 09:33:00] acesso_negado_login
[2025-10-29 09:33:00] acesso_negado_login
[2025-10-29 09:33:00] acesso_negado_login
[2025-10-29 09:33:00] acesso_negado_login
[2025-10-29 09:33:00] acesso_negado_login
[2025-10-29 09:33:00] acesso_negado_login
[2025-10-29 09:33:00] acesso_negado_login
[2025-10-29 09:33:00] acesso_negado_login
[2025-10-29 09:33:00] acesso_negado_login
[2025-10-29 09:33:00] acesso_negado_login
[2025-10-29 09:33:00] acesso_negado_login
[2025-10-29 09:33:00] acesso_negado_login
[2025-10-29 09:33:00] acesso_negado_login
[2025-10-29 09:33:00] acesso_negado_login
[2025-10-29 09:33:00] acesso_negado_login
[2025-10-29 09:33:00] acesso_negado_login
[2025-10-29 09:33:00] acesso_negado_login
[2025-10-29 09:33:00] acesso_negado_login
[2025-10-29 09:33:00] acesso_negado_login
[2025-10-29 09:33:00] acesso_negado_login
[2025-10-29 09:33:00] acesso_negado_login
[2025-10-29 09:33:00] acesso_negado_login
[2025-10-29 09:33:00] acesso_negado_login
[2025-10-29 09:33:00] acesso_negado_login
[2025-10-29 09:33:00] acesso_negado_login
[2025-10-29 09:33:00] acesso_negado_login
[2025-10-29 09:33:00] acesso_negado_login
[2025-10-29 09:33:00] acesso_negado_login
[2025-10-29 09:33:00] acesso_negado_login
[2025-10-29 09:33:00] acesso_negado_login
[2025-10-29 09:33:00] acesso_negado_login
[2025-10-29 09:33:00] acesso_negado_login
[2025-10-29 09:33:00] acesso_negado_login
[2025-10-29 09:33:00] acesso_negado_login
[2025-10-29 09:33:00] acesso_negado_login
[2025-10-29 09:33:00] acesso_negado_login
[2025-10-29 09:33:00] acesso_negado_login
[2025-10-29 09:33:01] acesso_negado_login
[2025-10-29 09:33:01] acesso_negado_login
[2025-10-29 09:33:01] acesso_negado_login
[2025-10-29 09:33:01] acesso_negado_login
[2025-10-29 09:33:01] acesso_negado_login
[2025-10-29 09:33:01] acesso_negado_login
[2025-10-29 09:33:01] acesso_negado_login
[2025-10-29 09:33:01] acesso_negado_login
[2025-10-29 09:33:01] acesso_negado_login
[2025-10-29 09:33:01] acesso_negado_login
[2025-10-29 09:33:01] acesso_negado_login
[2025-10-29 09:33:01] acesso_negado_login
[2025-10-29 09:33:01] acesso_negado_login
[2025-10-29 09:33:01] acesso_negado_login
[2025-10-29 09:33:01] acesso_negado_login
[2025-10-29 09:33:01] acesso_negado_login
[2025-10-29 09:33:01] acesso_negado_login
[2025-10-29 09:33:01] acesso_negado_login
[2025-10-29 09:33:01] acesso_negado_login
[2025-10-29 09:33:01] acesso_negado_login
[2025-10-29 09:33:01] acesso_negado_login
[2025-10-29 09:33:01] acesso_negado_login
[2025-10-29 09:33:01] acesso_negado_login
[2025-10-29 09:33:01] acesso_negado_login
[2025-10-29 09:33:01] acesso_negado_login
[2025-10-29 09:33:01] acesso_negado_login
[2025-10-29 09:33:01] acesso_negado_login
[2025-10-29 09:33:01] acesso_negado_login
[2025-10-29 09:33:01] acesso_negado_login
[2025-10-29 09:33:01] acesso_negado_login
[2025-10-29 09:33:01] acesso_negado_login
[2025-10-29 09:33:01] acesso_negado_login
[2025-10-29 09:33:01] acesso_negado_login
[2025-10-29 09:33:01] acesso_negado_login
[2025-10-29 09:33:01] acesso_negado_login
[2025-10-29 09:33:01] acesso_negado_login
[2025-10-29 09:33:02] acesso_negado_login
[2025-10-29 09:33:02] acesso_negado_login
[2025-10-29 09:33:02] acesso_negado_login
[2025-10-29 09:33:02] acesso_negado_login
[2025-10-29 09:33:02] acesso_negado_login
[2025-10-29 09:33:02] acesso_negado_login
[2025-10-29 09:33:02] acesso_negado_login
[2025-10-29 09:33:02] acesso_negado_login
[2025-10-29 09:33:02] acesso_negado_login
[2025-10-29 09:33:02] acesso_negado_login
[2025-10-29 09:33:02] acesso_negado_login
[2025-10-29 09:59:23] Usuário: 1 | Nome Usuário: Diezare.Conde | IP: ::1 | Status: Saiu do sistema e/ou tempo se encerrou.
[2025-10-29 10:58:40] Usuário: 1 | Nome Usuário: Diezare.Conde | IP: ::1 | Status: Sucesso no login.
[2025-10-29 11:03:26] Usuário: 1 | Nome Usuário: Diezare.Conde | IP: ::1 | Status: Sucesso no login.
[2025-10-29 11:04:56] Usuário: 1 | Nome Usuário: Diezare.Conde | IP: ::1 | Status: Saiu do sistema e/ou tempo se encerrou.
[2025-10-29 11:05:58] Usuário: 1 | Nome Usuário: Diezare.Conde | IP: ::1 | Status: Sucesso no login.
[2025-10-29 11:17:40] Usuário: 1 | Nome Usuário: Diezare.Conde | IP: ::1 | Status: Saiu do sistema e/ou tempo se encerrou.
[2025-10-29 11:18:41] Usuário: 1 | Nome Usuário: Diezare.Conde | IP: ::1 | Status: Sucesso no login.
[2025-10-29 11:18:49] Usuário: 1 | Nome Usuário: Diezare.Conde | IP: ::1 | Status: Saiu do sistema e/ou tempo se encerrou.
[2025-10-29 11:54:18] Usuário: 1 | Nome Usuário: Diezare.Conde | IP: ::1 | Status: Sucesso no login.
[2025-10-29 11:54:43] Usuário: 1 | Nome Usuário: Diezare.Conde | IP: ::1 | Status: Saiu do sistema e/ou tempo se encerrou.
[2025-10-29 14:38:33] Usuário: 1 | Nome Usuário: Diezare.Conde | IP: ::1 | Status: Sucesso no login.
[2025-10-29 15:02:35] Usuário: 1 | Nome Usuário: Diezare.Conde | IP: ::1 | Status: Saiu do sistema e/ou tempo se encerrou.
[2025-10-29 15:02:41] Usuário: 1 | Nome Usuário: Diezare.Conde | IP: ::1 | Status: Sucesso no login.
[2025-10-29 15:21:26] Usuário: 1 | Nome Usuário: Diezare.Conde | IP: ::1 | Status: Saiu do sistema e/ou tempo se encerrou.
[2025-10-29 15:21:36] Usuário: 0 | Nome Usuário: ZAP | IP: 127.0.0.1 | Status: Acesso negado! Usuário inexistente ou inativo!
[2025-10-29 15:21:50] Usuário: 0 | Nome Usuário: SemUsuario | IP: 127.0.0.1 | Status: Login falhou. Usuário ou senha errada.
[2025-10-29 15:22:43] acesso_negado_login
[2025-10-29 16:15:33] Usuário: 1 | Nome Usuário: Diezare.Conde | IP: ::1 | Status: Sucesso no login.
[2025-10-29 17:45:24] Usuário: 1 | Nome Usuário: Diezare.Conde | IP: ::1 | Status: Saiu do sistema e/ou tempo se encerrou.
[2025-10-30 07:42:19] acesso_negado_login
[2025-10-30 07:48:48] Usuário: 0 | Nome Usuário: SemUsuario | IP: ::1 | Status: Login falhou. Usuário ou senha errada.
[2025-10-30 07:48:55] Usuário: 1 | Nome Usuário: Diezare.Conde | IP: ::1 | Status: Sucesso no login.
[2025-10-30 08:02:26] Usuário: 1 | Nome Usuário: Diezare.Conde | IP: ::1 | Status: Saiu do sistema e/ou tempo se encerrou.
[2025-10-30 08:02:34] Usuário: 1 | Nome Usuário: Diezare.Conde | IP: ::1 | Status: Sucesso no login.
[2025-10-30 08:04:18] Usuário: 1 | Nome Usuário: Diezare.Conde | IP: ::1 | Status: Saiu do sistema e/ou tempo se encerrou.
[2025-10-30 08:04:32] Usuário: 1 | Nome Usuário: Diezare.Conde | IP: ::1 | Status: Sucesso no login.
[2025-10-30 08:54:55] Usuário: 1 | Nome Usuário: Diezare.Conde | IP: ::1 | Status: Saiu do sistema e/ou tempo se encerrou.
[2025-10-30 09:28:43] acesso_negado_login
[2025-10-30 09:28:52] Usuário: 1 | Nome Usuário: Diezare.Conde | IP: ::1 | Status: Sucesso no login.
[2025-10-30 09:32:31] Usuário: 1 | Nome Usuário: Diezare.Conde | IP: ::1 | Status: Sucesso no login.
[2025-10-31 07:39:38] acesso_negado_login
[2025-10-31 08:01:14] Usuário: 0 | Nome Usuário: SemUsuario | IP: ::1 | Status: Login falhou. Usuário ou senha errada.
[2025-10-31 08:08:12] Usuário: 1 | Nome Usuário: Diezare.Conde | IP: ::1 | Status: Sucesso no login.
[2025-10-31 08:08:16] Usuário: 1 | Nome Usuário: Diezare.Conde | IP: ::1 | Status: Saiu do sistema e/ou tempo se encerrou.
[2025-10-31 08:13:12] Usuário: 0 | Nome Usuário: SemUsuario | IP: ::1 | Status: Login falhou. Usuário ou senha errada.
[2025-10-31 08:50:56] Usuário: 0 | Nome Usuário: SemUsuario | IP: ::1 | Status: Login falhou. Usuário ou senha errada.
[2025-10-31 09:39:59] Usuário: 1 | Nome Usuário: Diezare.Conde | IP: ::1 | Status: Sucesso no login.
[2025-10-31 09:40:04] Usuário: 1 | Nome Usuário: Diezare.Conde | IP: ::1 | Status: Saiu do sistema e/ou tempo se encerrou.
[2025-10-31 09:40:06] Usuário: 0 | Nome Usuário: SemUsuario | IP: ::1 | Status: Login falhou. Usuário ou senha errada.
[2025-10-31 09:40:11] Usuário: 0 | Nome Usuário: dsa | IP: ::1 | Status: Acesso negado! Usuário inexistente ou inativo!
[2025-10-31 17:05:58] acesso_negado_login
[2025-10-31 17:06:12] Usuário: 1 | Nome Usuário: Diezare.Conde | IP: ::1 | Status: Sucesso no login.
[2025-10-31 17:15:38] Usuário: 1 | Nome Usuário: Diezare.Conde | IP: ::1 | Status: Saiu do sistema e/ou tempo se encerrou.
[2025-11-05 10:20:48] acesso_negado_login
[2025-11-05 10:20:54] Usuário: 1 | Nome Usuário: Diezare.Conde | IP: ::1 | Status: Sucesso no login.
[2025-11-05 16:50:41] Usuário: 1 | Nome Usuário: Diezare.Conde | IP: ::1 | Status: Saiu do sistema e/ou tempo se encerrou.
[2025-11-06 08:38:18] acesso_negado_login
[2025-11-06 08:38:25] Usuário: 1 | Nome Usuário: Diezare.Conde | IP: ::1 | Status: Sucesso no login.
[2025-11-07 14:41:01] acesso_negado_login
[2025-11-07 14:41:07] Usuário: 1 | Nome Usuário: Diezare.Conde | IP: ::1 | Status: Sucesso no login.
[2025-11-07 17:02:57] Usuário: 1 | Nome Usuário: Diezare.Conde | IP: ::1 | Status: Saiu do sistema e/ou tempo se encerrou.
[2025-11-10 10:56:06] acesso_negado_login
[2025-11-10 10:56:12] Usuário: 1 | Nome Usuário: Diezare.Conde | IP: ::1 | Status: Sucesso no login.
[2025-11-10 11:18:44] acesso_negado_login
[2025-11-10 11:18:50] Usuário: 1 | Nome Usuário: Diezare.Conde | IP: ::1 | Status: Sucesso no login.
[2025-11-11 14:30:45] acesso_negado_login
[2025-11-11 14:30:58] Usuário: 1 | Nome Usuário: Diezare.Conde | IP: ::1 | Status: Sucesso no login.
[2025-11-12 08:12:40] acesso_negado_login
[2025-11-12 08:12:46] Usuário: 1 | Nome Usuário: Diezare.Conde | IP: ::1 | Status: Sucesso no login.
[2025-11-12 15:20:19] Usuário: 1 | Nome Usuário: Diezare.Conde | IP: ::1 | Status: Saiu do sistema e/ou tempo se encerrou.
[2025-12-16 08:15:48] acesso_negado_login
[2025-12-16 08:15:56] Usuário: 1 | Nome Usuário: Diezare.Conde | IP: ::1 | Status: Sucesso no login.
[2025-12-16 11:47:46] Usuário: 1 | Nome Usuário: Diezare.Conde | IP: ::1 | Status: Sucesso no login.
[2025-12-16 17:30:32] Usuário: 1 | Nome Usuário: Diezare.Conde | IP: ::1 | Status: Saiu do sistema e/ou tempo se encerrou.
[2025-12-16 21:31:46] acesso_negado_login
[2025-12-16 21:31:55] Usuário: 1 | Nome Usuário: Diezare.Conde | IP: ::1 | Status: Sucesso no login.
[2025-12-16 22:54:41] Usuário: 1 | Nome Usuário: Diezare.Conde | IP: ::1 | Status: Saiu do sistema e/ou tempo se encerrou.
[2025-12-17 15:52:42] acesso_negado_login
[2025-12-17 15:58:05] Usuário: 1 | Nome Usuário: Diezare.Conde | IP: ::1 | Status: Sucesso no login.
[2025-12-17 21:33:31] saida_sistema_por_inatividade user_id=1
[2025-12-17 21:47:41] Usuário: 1 | Nome Usuário: Diezare.Conde | IP: ::1 | Status: Sucesso no login.
[2025-12-17 22:25:27] acesso_negado_login
[2025-12-17 22:25:35] Usuário: 1 | Nome Usuário: Diezare.Conde | IP: ::1 | Status: Sucesso no login.
[2025-12-18 08:12:39] saida_sistema_por_inatividade user_id=1
[2025-12-18 08:12:46] Usuário: 1 | Nome Usuário: Diezare.Conde | IP: ::1 | Status: Sucesso no login.
[2025-12-18 23:12:59] saida_sistema_por_inatividade user_id=1
[2025-12-18 23:13:05] Usuário: 1 | Nome Usuário: Diezare.Conde | IP: ::1 | Status: Sucesso no login.
[2025-12-18 23:38:55] Usuário: 1 | Nome Usuário: Diezare.Conde | IP: ::1 | Status: Saiu do sistema e/ou tempo se encerrou.
[2025-12-19 07:49:22] acesso_negado_login
[2025-12-19 07:49:28] Usuário: 1 | Nome Usuário: Diezare.Conde | IP: ::1 | Status: Sucesso no login.
[2025-12-19 17:15:34] Usuário: 1 | Nome Usuário: Diezare.Conde | IP: ::1 | Status: Saiu do sistema e/ou tempo se encerrou.
[2025-12-20 00:01:38] acesso_negado_login
[2025-12-20 00:01:46] Usuário: 1 | Nome Usuário: Diezare.Conde | IP: ::1 | Status: Sucesso no login.
[2025-12-20 12:00:35] saida_sistema_por_inatividade user_id=1
[2025-12-20 12:00:44] Usuário: 1 | Nome Usuário: Diezare.Conde | IP: ::1 | Status: Sucesso no login.
[2025-12-20 18:54:50] saida_sistema_por_inatividade user_id=1
[2025-12-20 18:54:59] Usuário: 1 | Nome Usuário: Diezare.Conde | IP: ::1 | Status: Sucesso no login.
[2025-12-21 09:01:31] acesso_negado_login
[2025-12-21 09:01:38] Usuário: 1 | Nome Usuário: Diezare.Conde | IP: ::1 | Status: Sucesso no login.
[2025-12-21 20:09:08] saida_sistema_por_inatividade user_id=1
[2025-12-21 20:09:10] acesso_negado_login
[2025-12-21 20:09:16] Usuário: 1 | Nome Usuário: Diezare.Conde | IP: ::1 | Status: Sucesso no login.
[2025-12-21 23:02:48] Usuário: 1 | Nome Usuário: Diezare.Conde | IP: ::1 | Status: Saiu do sistema e/ou tempo se encerrou.
[2025-12-21 23:02:53] acesso_negado_login
[2025-12-25 20:27:53] acesso_negado_login
[2025-12-25 20:27:59] Usuário: 1 | Nome Usuário: Diezare.Conde | IP: ::1 | Status: Sucesso no login.
[2025-12-27 09:10:07] saida_sistema_por_inatividade user_id=1
[2025-12-27 09:11:58] Usuário: 1 | Nome Usuário: Diezare.Conde | IP: ::1 | Status: Sucesso no login.
[2025-12-28 21:36:33] saida_sistema_por_inatividade user_id=1
[2025-12-28 21:36:40] Usuário: 1 | Nome Usuário: Diezare.Conde | IP: ::1 | Status: Sucesso no login.
[2025-12-30 10:32:15] acesso_negado_login
[2025-12-30 10:32:21] Usuário: 1 | Nome Usuário: Diezare.Conde | IP: ::1 | Status: Sucesso no login.
[2025-12-31 08:52:05] saida_sistema_por_inatividade user_id=1
[2025-12-31 08:52:15] Usuário: 1 | Nome Usuário: Diezare.Conde | IP: ::1 | Status: Sucesso no login.
[2026-01-02 16:51:14] acesso_negado_login
[2026-01-02 16:51:26] Usuário: 1 | Nome Usuário: Diezare.Conde | IP: ::1 | Status: Sucesso no login.
[2026-01-03 09:46:36] saida_sistema_por_inatividade user_id=1
[2026-01-03 09:46:41] Usuário: 1 | Nome Usuário: Diezare.Conde | IP: ::1 | Status: Sucesso no login.
[2026-01-03 21:53:45] acesso_negado_login
[2026-01-03 21:53:54] Usuário: 1 | Nome Usuário: Diezare.Conde | IP: ::1 | Status: Login falhou. Usuário ou senha errada.
[2026-01-03 21:54:14] Usuário: 1 | Nome Usuário: Diezare.Conde | IP: ::1 | Status: Sucesso no login.
[2026-01-04 21:18:08] acesso_negado_login
[2026-01-04 21:18:15] Usuário: 1 | Nome Usuário: Diezare.Conde | IP: ::1 | Status: Sucesso no login.
[2026-01-05 09:37:29] acesso_negado_login
[2026-01-05 09:37:36] Usuário: 1 | Nome Usuário: Diezare.Conde | IP: ::1 | Status: Sucesso no login.
[2026-01-05 21:11:39] saida_sistema_por_inatividade user_id=1
[2026-01-05 21:11:42] acesso_negado_login
[2026-01-05 21:11:48] Usuário: 1 | Nome Usuário: Diezare.Conde | IP: ::1 | Status: Sucesso no login.
[2026-01-06 12:01:40] saida_sistema_por_inatividade user_id=1
[2026-01-10 17:00:59] acesso_negado_login
[2026-01-10 17:01:05] Usuário: 1 | Nome Usuário: Diezare.Conde | IP: ::1 | Status: Sucesso no login.
[2026-01-11 18:08:57] saida_sistema_por_inatividade user_id=1
[2026-01-11 18:09:05] Usuário: 1 | Nome Usuário: Diezare.Conde | IP: ::1 | Status: Sucesso no login.
[2026-01-11 22:53:26] Usuário: 1 | Nome Usuário: Diezare.Conde | IP: ::1 | Status: Saiu do sistema e/ou tempo se encerrou.
[2026-01-11 22:53:30] Usuário: 0 | Nome Usuário: Desconhecido | IP: ::1 | Status: Saiu do sistema e/ou tempo se encerrou.
[2026-01-12 20:42:35] acesso_negado_login
[2026-01-12 20:42:42] Usuário: 1 | Nome Usuário: Diezare.Conde | IP: ::1 | Status: Sucesso no login.
